0 info it worked if it ends with ok
1 verbose cli [ 'C:\\Program Files\\nodejs\\node.exe',
1 verbose cli   'C:\\Program Files\\nodejs\\node_modules\\npm\\bin\\npm-cli.js',
1 verbose cli   'run',
1 verbose cli   'test' ]
2 info using npm@4.1.2
3 info using node@v7.5.0
4 verbose run-script [ 'pretest', 'test', 'posttest' ]
5 info lifecycle Project-2@1.0.0~pretest: Project-2@1.0.0
6 silly lifecycle Project-2@1.0.0~pretest: no script for pretest, continuing
7 info lifecycle Project-2@1.0.0~test: Project-2@1.0.0
8 verbose lifecycle Project-2@1.0.0~test: unsafe-perm in lifecycle true
9 verbose lifecycle Project-2@1.0.0~test: PATH: C:\Program Files\nodejs\node_modules\npm\bin\node-gyp-bin;C:\Users\Rochelle\Desktop\Project\Project-2\node_modules\.bin;C:\Users\Rochelle\bin;C:\Program Files\Git\mingw64\bin;C:\Program Files\Git\usr\local\bin;C:\Program Files\Git\usr\bin;C:\Program Files\Git\usr\bin;C:\Program Files\Git\mingw64\bin;C:\Program Files\Git\usr\bin;C:\Users\Rochelle\bin;C:\ProgramData\Oracle\Java\javapath;C:\WINDOWS\system32;C:\WINDOWS;C:\WINDOWS\System32\Wbem;C:\WINDOWS\System32\WindowsPowerShell\v1.0;C:\Program Files\Microsoft SQL Server\110\Tools\Binn;C:\Program Files\Microsoft SQL Server\130\Tools\Binn;C:\Program Files\Microsoft\Web Platform Installer;C:\Program Files (x86)\Microsoft SQL Server\100\Tools\Binn;C:\Program Files\Microsoft SQL Server\100\Tools\Binn;C:\Program Files\Microsoft SQL Server\100\DTS\Binn;C:\WINDOWS\system32\config\systemprofile\.dnx\bin;C:\Program Files\Microsoft DNX\Dnvm;C:\Program Files\nodejs;C:\ProgramData\chocolatey\bin;C:\Program Files\Git\cmd;C:\Users\Rochelle\AppData\Local\Programs\Python\Python36-32\Scripts;C:\Users\Rochelle\AppData\Local\Programs\Python\Python36-32;C:\Program Files\Java\jdk1.8.0_101\bin;C:\Program Files\Heroku\bin;C:\Users\Rochelle\AppData\Roaming\npm;C:\Program Files (x86)\Microsoft VS Code\bin;C:\tools\mysql\current\bin;C:\Users\Rochelle\AppData\Local\Microsoft\WindowsApps;C:\Program Files\Git\usr\bin\vendor_perl;C:\Program Files\Git\usr\bin\core_perl
10 verbose lifecycle Project-2@1.0.0~test: CWD: C:\Users\Rochelle\Desktop\Project\Project-2
11 silly lifecycle Project-2@1.0.0~test: Args: [ '/d /s /c', 'mocha' ]
12 silly lifecycle Project-2@1.0.0~test: Returned: code: 1  signal: null
13 info lifecycle Project-2@1.0.0~test: Failed to exec test script
14 verbose stack Error: Project-2@1.0.0 test: `mocha`
14 verbose stack Exit status 1
14 verbose stack     at EventEmitter.<anonymous> (C:\Program Files\nodejs\node_modules\npm\lib\utils\lifecycle.js:279:16)
14 verbose stack     at emitTwo (events.js:106:13)
14 verbose stack     at EventEmitter.emit (events.js:192:7)
14 verbose stack     at ChildProcess.<anonymous> (C:\Program Files\nodejs\node_modules\npm\lib\utils\spawn.js:40:14)
14 verbose stack     at emitTwo (events.js:106:13)
14 verbose stack     at ChildProcess.emit (events.js:192:7)
14 verbose stack     at maybeClose (internal/child_process.js:890:16)
14 verbose stack     at Process.ChildProcess._handle.onexit (internal/child_process.js:226:5)
15 verbose pkgid Project-2@1.0.0
16 verbose cwd C:\Users\Rochelle\Desktop\Project\Project-2
17 error Windows_NT 10.0.15063
18 error argv "C:\\Program Files\\nodejs\\node.exe" "C:\\Program Files\\nodejs\\node_modules\\npm\\bin\\npm-cli.js" "run" "test"
19 error node v7.5.0
20 error npm  v4.1.2
21 error code ELIFECYCLE
22 error Project-2@1.0.0 test: `mocha`
22 error Exit status 1
23 error Failed at the Project-2@1.0.0 test script 'mocha'.
23 error Make sure you have the latest version of node.js and npm installed.
23 error If you do, this is most likely a problem with the Project-2 package,
23 error not with npm itself.
23 error Tell the author that this fails on your system:
23 error     mocha
23 error You can get information on how to open an issue for this project with:
23 error     npm bugs Project-2
23 error Or if that isn't available, you can get their info via:
23 error     npm owner ls Project-2
23 error There is likely additional logging output above.
24 verbose exit [ 1, true ]
